<?xml version="1.0" encoding="UTF-8"?>
<!-- Generated by org.testng.reporters.JUnitReportReporter -->
<testsuite hostname="Laptop-hp" failures="0" tests="1" name="smartbuyDiscount" time="12.560" errors="0" timestamp="2022-12-01T16:58:36 AST" skipped="0">
  <testcase classname="smartbuyDiscount" name="discount" time="12.560"/>
  <system-out/>
</testsuite> <!-- smartbuyDiscount -->
